mode: set
/home/ross/documents/development/go/shamir/shamir.go:21.62,25.2 3 1
/home/ross/documents/development/go/shamir/shamir.go:27.65,30.42 2 1
/home/ross/documents/development/go/shamir/shamir.go:35.2,36.37 2 1
/home/ross/documents/development/go/shamir/shamir.go:46.2,46.15 1 1
/home/ross/documents/development/go/shamir/shamir.go:30.42,32.3 1 1
/home/ross/documents/development/go/shamir/shamir.go:36.37,39.38 3 1
/home/ross/documents/development/go/shamir/shamir.go:43.3,43.30 1 1
/home/ross/documents/development/go/shamir/shamir.go:39.38,42.4 2 1
/home/ross/documents/development/go/shamir/shamir.go:56.76,62.25 5 1
/home/ross/documents/development/go/shamir/shamir.go:78.2,78.30 1 1
/home/ross/documents/development/go/shamir/shamir.go:82.2,82.55 1 1
/home/ross/documents/development/go/shamir/shamir.go:62.25,65.26 3 1
/home/ross/documents/development/go/shamir/shamir.go:65.26,66.14 1 1
/home/ross/documents/development/go/shamir/shamir.go:70.4,74.39 4 1
/home/ross/documents/development/go/shamir/shamir.go:66.14,67.13 1 1
/home/ross/documents/development/go/shamir/shamir.go:78.30,80.3 1 1
/home/ross/documents/development/go/shamir/shamir.go:85.75,87.44 2 1
/home/ross/documents/development/go/shamir/shamir.go:91.2,93.28 3 1
/home/ross/documents/development/go/shamir/shamir.go:98.2,98.31 1 1
/home/ross/documents/development/go/shamir/shamir.go:101.2,102.33 2 1
/home/ross/documents/development/go/shamir/shamir.go:107.2,109.31 2 1
/home/ross/documents/development/go/shamir/shamir.go:119.2,121.20 2 1
/home/ross/documents/development/go/shamir/shamir.go:87.44,89.3 1 0
/home/ross/documents/development/go/shamir/shamir.go:93.28,95.3 1 1
/home/ross/documents/development/go/shamir/shamir.go:98.31,100.3 1 1
/home/ross/documents/development/go/shamir/shamir.go:102.33,106.3 3 1
/home/ross/documents/development/go/shamir/shamir.go:109.31,111.32 2 1
/home/ross/documents/development/go/shamir/shamir.go:117.3,117.29 1 1
/home/ross/documents/development/go/shamir/shamir.go:111.32,116.4 4 1
